FtcRobotController/build/intermediates/manifest_merge_blame_file/debug/manifest-merger-blame-debug-report.txt
1<?xml version="1.0" encoding="utf-8"?>
2<manifest xmlns:android="http://schemas.android.com/apk/res/android"
3    xmlns:tools="http://schemas.android.com/tools"
4    package="com.qualcomm.ftcrobotcontroller"
5    android:versionCode="53"
6    android:versionName="9.1" >
7
8    <uses-sdk android:minSdkVersion="24" />
8-->src/main/AndroidManifest.xml
9
10    <uses-permission android:name="android.permission.RECEIVE_BOOT_COMPLETED" />
10-->src/main/AndroidManifest.xml:7:3-79
10-->src/main/AndroidManifest.xml:7:20-76
11    <uses-permission
11-->src/main/AndroidManifest.xml:8:3-87
12        android:name="android.permission.CAMERA"
12-->src/main/AndroidManifest.xml:8:20-60
13        android:required="true" />
13-->src/main/AndroidManifest.xml:8:61-84
14
15    <application
15-->src/main/AndroidManifest.xml:9:3-77:17
16        android:allowBackup="true"
16-->src/main/AndroidManifest.xml:10:5-31
17        android:icon="@drawable/ic_launcher"
17-->src/main/AndroidManifest.xml:12:5-41
18        android:label="@string/app_name"
18-->src/main/AndroidManifest.xml:13:5-37
19        android:largeHeap="true"
19-->src/main/AndroidManifest.xml:11:5-29
20        android:theme="@style/AppThemeRedRC"
20-->src/main/AndroidManifest.xml:14:5-41
21        android:usesCleartextTraffic="true" >
21-->src/main/AndroidManifest.xml:15:5-40
22
23        <!-- Indicates to the ControlHubUpdater what the latest version of the Control Hub is that this app supports -->
24        <meta-data
24-->src/main/AndroidManifest.xml:18:5-20:29
25            android:name="org.firstinspires.latestSupportedControlHubVersion"
25-->src/main/AndroidManifest.xml:19:9-74
26            android:value="1" />
26-->src/main/AndroidManifest.xml:20:9-26
27
28        <!-- The main robot controller activity -->
29        <activity
29-->src/main/AndroidManifest.xml:23:5-34:16
30            android:name="org.firstinspires.ftc.robotcontroller.internal.PermissionValidatorWrapper"
30-->src/main/AndroidManifest.xml:23:15-103
31            android:configChanges="orientation|screenSize"
31-->src/main/AndroidManifest.xml:25:15-61
32            android:label="@string/app_name"
32-->src/main/AndroidManifest.xml:26:15-47
33            android:launchMode="singleTask"
33-->src/main/AndroidManifest.xml:27:15-46
34            android:screenOrientation="fullUser" >
34-->src/main/AndroidManifest.xml:24:15-51
35            <intent-filter>
35-->src/main/AndroidManifest.xml:29:7-32:23
36                <category android:name="android.intent.category.LAUNCHER" />
36-->src/main/AndroidManifest.xml:30:9-69
36-->src/main/AndroidManifest.xml:30:19-66
37
38                <action android:name="android.intent.action.MAIN" />
38-->src/main/AndroidManifest.xml:31:9-61
38-->src/main/AndroidManifest.xml:31:17-58
39            </intent-filter>
40        </activity>
41        <activity
41-->src/main/AndroidManifest.xml:36:5-55:16
42            android:name="org.firstinspires.ftc.robotcontroller.internal.FtcRobotControllerActivity"
42-->src/main/AndroidManifest.xml:37:7-95
43            android:configChanges="orientation|screenSize"
43-->src/main/AndroidManifest.xml:39:7-53
44            android:label="@string/app_name"
44-->src/main/AndroidManifest.xml:40:7-39
45            android:launchMode="singleTask"
45-->src/main/AndroidManifest.xml:41:7-38
46            android:screenOrientation="fullUser" >
46-->src/main/AndroidManifest.xml:38:7-43
47            <intent-filter>
47-->src/main/AndroidManifest.xml:43:7-45:23
48                <action android:name="android.hardware.usb.action.USB_DEVICE_ATTACHED" />
48-->src/main/AndroidManifest.xml:44:9-82
48-->src/main/AndroidManifest.xml:44:17-79
49            </intent-filter>
50
51            <meta-data
51-->src/main/AndroidManifest.xml:47:7-49:49
52                android:name="android.hardware.usb.action.USB_DEVICE_ATTACHED"
52-->src/main/AndroidManifest.xml:48:9-71
53                android:resource="@xml/device_filter" />
53-->src/main/AndroidManifest.xml:49:9-46
54
55            <!-- org.firstinspires.main.entry indicates that this app is compatible with the Dragonboard Control Hub -->
56            <meta-data
56-->src/main/AndroidManifest.xml:52:7-54:34
57                android:name="org.firstinspires.main.entry"
57-->src/main/AndroidManifest.xml:53:11-54
58                android:value="true" />
58-->src/main/AndroidManifest.xml:54:11-31
59        </activity>
60
61        <!-- The robot controller service in which most of the robot functionality is managed -->
62        <service
62-->src/main/AndroidManifest.xml:58:5-60:32
63            android:name="com.qualcomm.ftccommon.FtcRobotControllerService"
63-->src/main/AndroidManifest.xml:59:7-70
64            android:enabled="true" />
64-->src/main/AndroidManifest.xml:60:7-29
65
66        <!-- Assistant that autostarts the robot controller on android boot (if it's supposed to) -->
67        <receiver
67-->src/main/AndroidManifest.xml:64:5-75:16
68            android:name="org.firstinspires.ftc.ftccommon.internal.RunOnBoot"
68-->src/main/AndroidManifest.xml:67:7-72
69            android:enabled="true"
69-->src/main/AndroidManifest.xml:65:7-29
70            android:exported="true"
70-->src/main/AndroidManifest.xml:66:7-30
71            android:permission="android.permission.RECEIVE_BOOT_COMPLETED" >
71-->src/main/AndroidManifest.xml:68:7-69
72            <intent-filter>
72-->src/main/AndroidManifest.xml:70:7-74:23
73                <category android:name="android.intent.category.DEFAULT" />
73-->src/main/AndroidManifest.xml:71:9-68
73-->src/main/AndroidManifest.xml:71:19-65
74
75                <action android:name="android.intent.action.BOOT_COMPLETED" />
75-->src/main/AndroidManifest.xml:72:9-71
75-->src/main/AndroidManifest.xml:72:17-68
76                <action android:name="android.intent.action.QUICKBOOT_POWERON" />
76-->src/main/AndroidManifest.xml:73:9-74
76-->src/main/AndroidManifest.xml:73:17-71
77            </intent-filter>
78        </receiver>
79    </application>
80
81</manifest>